INFO 2017-11-13 15:40:45,568 (StartupInfoLogger.java:48)- Starting Application on DESKTOP-LRLJHKF with PID 880 (started by hezhiyuan in E:\高新兴\stsWorkPlace-test\mySpringboot)
INFO 2017-11-13 15:40:45,767 (SpringApplication.java:637)- No active profile set, falling back to default profiles: default
INFO 2017-11-13 15:40:54,494 (SessionListener.java:41)- 容器初始化
INFO 2017-11-13 15:40:56,072 (MvcConfig.java:42)- sdfdsfd
INFO 2017-11-13 15:40:57,684 (ScheduleJobs.java:18)- 测试定时任务
INFO 2017-11-13 15:40:57,833 (StartupInfoLogger.java:57)- Started Application in 13.523 seconds (JVM running for 14.407)
INFO 2017-11-13 15:40:57,834 (SpringContextUtil.java:32)- 设置上下文对象
INFO 2017-11-13 15:41:02,686 (ScheduleJobs.java:18)- 测试定时任务
INFO 2017-11-13 21:09:31,177 (StartupInfoLogger.java:48)- Starting Application on DESKTOP-LRLJHKF with PID 12260 (started by hezhiyuan in E:\高新兴\stsWorkPlace-test\mySpringboot)
INFO 2017-11-13 21:09:31,179 (SpringApplication.java:637)- No active profile set, falling back to default profiles: default
INFO 2017-11-13 21:09:33,504 (SessionListener.java:41)- 容器初始化
INFO 2017-11-13 21:09:34,347 (MvcConfig.java:42)- sdfdsfd
INFO 2017-11-13 21:09:35,562 (ScheduleJobs.java:18)- 测试定时任务
INFO 2017-11-13 21:09:35,603 (StartupInfoLogger.java:57)- Started Application in 4.672 seconds (JVM running for 5.107)
INFO 2017-11-13 21:09:35,603 (SpringContextUtil.java:32)- 设置上下文对象
INFO 2017-11-13 21:09:40,562 (ScheduleJobs.java:18)- 测试定时任务
INFO 2017-11-13 21:33:10,120 (MvcConfig.java:42)- sdfdsfd
INFO 2017-11-13 21:33:12,065 (ScheduleJobs.java:18)- 测试定时任务
INFO 2017-11-13 21:36:04,919 (MvcConfig.java:42)- sdfdsfd
INFO 2017-11-13 21:36:06,859 (ScheduleJobs.java:18)- 测试定时任务
INFO 2017-11-13 21:37:44,820 (StartupInfoLogger.java:48)- Starting ApplicationTest on DESKTOP-LRLJHKF with PID 12680 (started by hezhiyuan in E:\高新兴\stsWorkPlace-test\mySpringboot)
INFO 2017-11-13 21:37:44,823 (SpringApplication.java:637)- No active profile set, falling back to default profiles: default
INFO 2017-11-13 21:37:47,292 (MvcConfig.java:42)- sdfdsfd
INFO 2017-11-13 21:37:48,788 (ScheduleJobs.java:18)- 测试定时任务
INFO 2017-11-13 21:37:48,793 (StartupInfoLogger.java:57)- Started ApplicationTest in 4.207 seconds (JVM running for 4.936)
DEBUG 2017-11-13 21:37:49,275 (BaseJdbcLogger.java:145)- ==>  Preparing: SELECT * FROM t_user 
DEBUG 2017-11-13 21:37:49,275 (BaseJdbcLogger.java:145)- ==>  Preparing: SELECT * FROM t_user 
DEBUG 2017-11-13 21:37:49,381 (BaseJdbcLogger.java:145)- ==> Parameters: 
DEBUG 2017-11-13 21:37:49,381 (BaseJdbcLogger.java:145)- ==> Parameters: 
DEBUG 2017-11-13 21:37:49,457 (BaseJdbcLogger.java:145)- <==      Total: 4
DEBUG 2017-11-13 21:37:49,457 (BaseJdbcLogger.java:145)- <==      Total: 4
